输入: {"method":"initialize","params":{"protocolVersion":"2025-11-25","capabilities":{},"clientInfo":{"name":"Cline","version":"3.51.0"}},"jsonrpc":"2.0","id":0}
输出: {"jsonrpc":"2.0","id":0,"result":{"protocolVersion":"2025-11-25","capabilities":{"experimental":{},"prompts":{"listChanged":false},"resources":{"subscribe":false,"listChanged":false},"tools":{"listChanged":false}},"serverInfo":{"name":"math","version":"1.25.0"}}}
输入: {"method":"notifications/initialized","jsonrpc":"2.0"}
输入: {"method":"tools/list","jsonrpc":"2.0","id":1}
STDERR: [01/18/26 16:55:11] INFO     Processing request of type            server.py:713
STDERR:                              ListToolsRequest                                   
输出: {"jsonrpc":"2.0","id":1,"result":{"tools":[{"name":"add","description":"\n    计算两个数的和\n\n    参数:\n        a: 第一个数字\n        b: 第二个数字\n\n    返回:\n        包含计算结果的字典\n    ","inputSchema":{"properties":{"a":{"title":"A","type":"number"},"b":{"title":"B","type":"number"}},"required":["a","b"],"title":"addArguments","type":"object"},"outputSchema":{"properties":{"result":{"additionalProperties":true,"title":"Result","type":"object"}},"required":["result"],"title":"addOutput","type":"object"}},{"name":"subtract","description":"\n    计算两个数的差\n\n    参数:\n        a: 被减数\n        b: 减数\n\n    返回:\n        包含计算结果的字典\n    ","inputSchema":{"properties":{"a":{"title":"A","type":"number"},"b":{"title":"B","type":"number"}},"required":["a","b"],"title":"subtractArguments","type":"object"},"outputSchema":{"properties":{"result":{"additionalProperties":true,"title":"Result","type":"object"}},"required":["result"],"title":"subtractOutput","type":"object"}},{"name":"multiply","description":"\n    计算两个数的乘积\n\n    参数:\n        a: 第一个因数\n        b: 第二个因数\n\n    返回:\n        包含计算结果的字典\n    ","inputSchema":{"properties":{"a":{"title":"A","type":"number"},"b":{"title":"B","type":"number"}},"required":["a","b"],"title":"multiplyArguments","type":"object"},"outputSchema":{"properties":{"result":{"additionalProperties":true,"title":"Result","type":"object"}},"required":["result"],"title":"multiplyOutput","type":"object"}},{"name":"divide","description":"\n    计算两个数的商\n\n    参数:\n        a: 被除数\n        b: 除数 (不能为0)\n\n    返回:\n        包含计算结果的字典\n    ","inputSchema":{"properties":{"a":{"title":"A","type":"number"},"b":{"title":"B","type":"number"}},"required":["a","b"],"title":"divideArguments","type":"object"},"outputSchema":{"properties":{"result":{"additionalProperties":true,"title":"Result","type":"object"}},"required":["result"],"title":"divideOutput","type":"object"}},{"name":"power","description":"\n    计算幂运算\n\n    参数:\n        base: 底数\n        exponent: 指数\n\n    返回:\n        包含计算结果的字典\n    ","inputSchema":{"properties":{"base":{"title":"Base","type":"number"},"exponent":{"title":"Exponent","type":"number"}},"required":["base","exponent"],"title":"powerArguments","type":"object"},"outputSchema":{"properties":{"result":{"additionalProperties":true,"title":"Result","type":"object"}},"required":["result"],"title":"powerOutput","type":"object"}},{"name":"square_root","description":"\n    计算平方根\n\n    参数:\n        number: 非负数\n\n    返回:\n        包含计算结果的字典\n    ","inputSchema":{"properties":{"number":{"title":"Number","type":"number"}},"required":["number"],"title":"square_rootArguments","type":"object"},"outputSchema":{"properties":{"result":{"additionalProperties":true,"title":"Result","type":"object"}},"required":["result"],"title":"square_rootOutput","type":"object"}},{"name":"batch_calculate","description":"\n    批量执行多个计算\n\n    参数:\n        operations: 计算表达式，用分号分隔\n                  示例: \"2+3; 5*4; 10/2\"\n\n    返回:\n        包含所有计算结果的字典\n    ","inputSchema":{"properties":{"operations":{"title":"Operations","type":"string"}},"required":["operations"],"title":"batch_calculateArguments","type":"object"},"outputSchema":{"properties":{"result":{"additionalProperties":true,"title":"Result","type":"object"}},"required":["result"],"title":"batch_calculateOutput","type":"object"}}]}}
输入: {"method":"resources/list","jsonrpc":"2.0","id":2}
STDERR:                     INFO     Processing request of type            server.py:713
STDERR:                              ListResourcesRequest                               
输出: {"jsonrpc":"2.0","id":2,"result":{"resources":[]}}
输入: {"method":"resources/templates/list","jsonrpc":"2.0","id":3}
STDERR:                     INFO     Processing request of type            server.py:713
STDERR:                              ListResourceTemplatesRequest                       
输出: {"jsonrpc":"2.0","id":3,"result":{"resourceTemplates":[]}}
输入: {"method":"tools/call","params":{"name":"multiply","arguments":{"a":6,"b":5}},"jsonrpc":"2.0","id":4}
STDERR: [01/18/26 17:31:24] INFO     Processing request of type            server.py:713
STDERR:                              CallToolRequest                                    
输出: {"jsonrpc":"2.0","id":4,"result":{"content":[{"type":"text","text":"{\n  \"operation\": \"multiplication\",\n  \"expression\": \"6.0 × 5.0\",\n  \"result\": 30.0,\n  \"formatted\": \"6.0 × 5.0 = 30.0\"\n}"}],"structuredContent":{"result":{"operation":"multiplication","expression":"6.0 × 5.0","result":30.0,"formatted":"6.0 × 5.0 = 30.0"}},"isError":false}}
输入: {"method":"tools/call","params":{"name":"add","arguments":{"a":30,"b":7}},"jsonrpc":"2.0","id":5}
STDERR: [01/18/26 17:31:41] INFO     Processing request of type            server.py:713
STDERR:                              CallToolRequest                                    
输出: {"jsonrpc":"2.0","id":5,"result":{"content":[{"type":"text","text":"{\n  \"operation\": \"addition\",\n  \"expression\": \"30.0 + 7.0\",\n  \"result\": 37.0,\n  \"formatted\": \"30.0 + 7.0 = 37.0\"\n}"}],"structuredContent":{"result":{"operation":"addition","expression":"30.0 + 7.0","result":37.0,"formatted":"30.0 + 7.0 = 37.0"}},"isError":false}}
--- STDIN stream closed to target ---
